app/build/intermediates/manifest_merge_blame_file/debug/manifest-merger-blame-debug-report.txt
1<?xml version="1.0" encoding="utf-8"?>
2<manifest xmlns:android="http://schemas.android.com/apk/res/android"
3    package="com.example.brainzone"
4    android:versionCode="1"
5    android:versionName="1.0" >
6
7    <uses-sdk
8        android:minSdkVersion="24"
9        android:targetSdkVersion="34" />
10
11    <uses-permission android:name="android.permission.FOREGROUND_SERVICE" />
11-->src/main/AndroidManifest.xml:4:5-77
11-->src/main/AndroidManifest.xml:4:22-74
12    <uses-permission android:name="android.permission.FOREGROUND_SERVICE_MEDIA_PLAYBACK" />
12-->src/main/AndroidManifest.xml:5:5-92
12-->src/main/AndroidManifest.xml:5:22-89
13    <uses-permission android:name="android.permission.POST_NOTIFICATIONS" />
13-->src/main/AndroidManifest.xml:6:5-77
13-->src/main/AndroidManifest.xml:6:22-74
14
15    <permission
15-->[androidx.core:core:1.12.0] AndroidManifest.xml:22:5-24:47
16        android:name="com.example.brainzone.DYNAMIC_RECEIVER_NOT_EXPORTED_PERMISSION"
16-->[androidx.core:core:1.12.0] AndroidManifest.xml:23:9-81
17        android:protectionLevel="signature" />
17-->[androidx.core:core:1.12.0] AndroidManifest.xml:24:9-44
18
19    <uses-permission android:name="com.example.brainzone.DYNAMIC_RECEIVER_NOT_EXPORTED_PERMISSION" />
19-->[androidx.core:core:1.12.0] AndroidManifest.xml:26:5-97
19-->[androidx.core:core:1.12.0] AndroidManifest.xml:26:22-94
20
21    <application
21-->src/main/AndroidManifest.xml:8:5-74:19
22        android:allowBackup="true"
22-->src/main/AndroidManifest.xml:9:9-35
23        android:appComponentFactory="androidx.core.app.CoreComponentFactory"
23-->[androidx.core:core:1.12.0] AndroidManifest.xml:28:18-86
24        android:debuggable="true"
25        android:extractNativeLibs="false"
26        android:icon="@mipmap/ic_launcher"
26-->src/main/AndroidManifest.xml:10:9-43
27        android:label="@string/app_name"
27-->src/main/AndroidManifest.xml:11:9-41
28        android:roundIcon="@mipmap/ic_launcher_round"
28-->src/main/AndroidManifest.xml:12:9-54
29        android:supportsRtl="true"
29-->src/main/AndroidManifest.xml:13:9-35
30        android:testOnly="true"
31        android:theme="@style/Theme.BrainZone" >
31-->src/main/AndroidManifest.xml:14:9-47
32        <activity
32-->src/main/AndroidManifest.xml:16:9-25:20
33            android:name="com.example.brainzone.SplashActivity"
33-->src/main/AndroidManifest.xml:17:13-43
34            android:exported="true"
34-->src/main/AndroidManifest.xml:18:13-36
35            android:screenOrientation="portrait"
35-->src/main/AndroidManifest.xml:19:13-49
36            android:theme="@style/Theme.BrainZone.NoActionBar" >
36-->src/main/AndroidManifest.xml:20:13-63
37            <intent-filter>
37-->src/main/AndroidManifest.xml:21:13-24:29
38                <action android:name="android.intent.action.MAIN" />
38-->src/main/AndroidManifest.xml:22:17-69
38-->src/main/AndroidManifest.xml:22:25-66
39
40                <category android:name="android.intent.category.LAUNCHER" />
40-->src/main/AndroidManifest.xml:23:17-77
40-->src/main/AndroidManifest.xml:23:27-74
41            </intent-filter>
42        </activity>
43        <activity
43-->src/main/AndroidManifest.xml:27:9-31:66
44            android:name="com.example.brainzone.MainActivity"
44-->src/main/AndroidManifest.xml:28:13-41
45            android:exported="false"
45-->src/main/AndroidManifest.xml:29:13-37
46            android:screenOrientation="portrait"
46-->src/main/AndroidManifest.xml:30:13-49
47            android:theme="@style/Theme.BrainZone.NoActionBar" />
47-->src/main/AndroidManifest.xml:31:13-63
48        <activity
48-->src/main/AndroidManifest.xml:33:9-37:66
49            android:name="com.example.brainzone.SettingsActivity"
49-->src/main/AndroidManifest.xml:34:13-45
50            android:exported="false"
50-->src/main/AndroidManifest.xml:35:13-37
51            android:screenOrientation="portrait"
51-->src/main/AndroidManifest.xml:36:13-49
52            android:theme="@style/Theme.BrainZone.NoActionBar" />
52-->src/main/AndroidManifest.xml:37:13-63
53        <activity
53-->src/main/AndroidManifest.xml:39:9-43:66
54            android:name="com.example.brainzone.LeaderboardActivity"
54-->src/main/AndroidManifest.xml:40:13-48
55            android:exported="false"
55-->src/main/AndroidManifest.xml:41:13-37
56            android:screenOrientation="portrait"
56-->src/main/AndroidManifest.xml:42:13-49
57            android:theme="@style/Theme.BrainZone.NoActionBar" />
57-->src/main/AndroidManifest.xml:43:13-63
58        <activity
58-->src/main/AndroidManifest.xml:45:9-49:66
59            android:name="com.example.brainzone.Game1Activity"
59-->src/main/AndroidManifest.xml:46:13-42
60            android:exported="false"
60-->src/main/AndroidManifest.xml:47:13-37
61            android:screenOrientation="portrait"
61-->src/main/AndroidManifest.xml:48:13-49
62            android:theme="@style/Theme.BrainZone.NoActionBar" />
62-->src/main/AndroidManifest.xml:49:13-63
63        <activity
63-->src/main/AndroidManifest.xml:51:9-55:66
64            android:name="com.example.brainzone.Game2Activity"
64-->src/main/AndroidManifest.xml:52:13-42
65            android:exported="false"
65-->src/main/AndroidManifest.xml:53:13-37
66            android:screenOrientation="portrait"
66-->src/main/AndroidManifest.xml:54:13-49
67            android:theme="@style/Theme.BrainZone.NoActionBar" />
67-->src/main/AndroidManifest.xml:55:13-63
68        <activity
68-->src/main/AndroidManifest.xml:57:9-61:66
69            android:name="com.example.brainzone.Game3Activity"
69-->src/main/AndroidManifest.xml:58:13-42
70            android:exported="false"
70-->src/main/AndroidManifest.xml:59:13-37
71            android:screenOrientation="portrait"
71-->src/main/AndroidManifest.xml:60:13-49
72            android:theme="@style/Theme.BrainZone.NoActionBar" />
72-->src/main/AndroidManifest.xml:61:13-63
73        <activity
73-->src/main/AndroidManifest.xml:63:9-67:66
74            android:name="com.example.brainzone.GameResultActivity"
74-->src/main/AndroidManifest.xml:64:13-47
75            android:exported="false"
75-->src/main/AndroidManifest.xml:65:13-37
76            android:screenOrientation="portrait"
76-->src/main/AndroidManifest.xml:66:13-49
77            android:theme="@style/Theme.BrainZone.NoActionBar" />
77-->src/main/AndroidManifest.xml:67:13-63
78
79        <service
79-->src/main/AndroidManifest.xml:69:9-72:61
80            android:name="com.example.brainzone.BackgroundMusicService"
80-->src/main/AndroidManifest.xml:70:13-51
81            android:exported="true"
81-->src/main/AndroidManifest.xml:71:13-36
82            android:foregroundServiceType="mediaPlayback" />
82-->src/main/AndroidManifest.xml:72:13-58
83
84        <provider
84-->[androidx.emoji2:emoji2:1.2.0] AndroidManifest.xml:24:9-32:20
85            android:name="androidx.startup.InitializationProvider"
85-->[androidx.emoji2:emoji2:1.2.0] AndroidManifest.xml:25:13-67
86            android:authorities="com.example.brainzone.androidx-startup"
86-->[androidx.emoji2:emoji2:1.2.0] AndroidManifest.xml:26:13-68
87            android:exported="false" >
87-->[androidx.emoji2:emoji2:1.2.0] AndroidManifest.xml:27:13-37
88            <meta-data
88-->[androidx.emoji2:emoji2:1.2.0] AndroidManifest.xml:29:13-31:52
89                android:name="androidx.emoji2.text.EmojiCompatInitializer"
89-->[androidx.emoji2:emoji2:1.2.0] AndroidManifest.xml:30:17-75
90                android:value="androidx.startup" />
90-->[androidx.emoji2:emoji2:1.2.0] AndroidManifest.xml:31:17-49
91            <meta-data
91-->[androidx.lifecycle:lifecycle-process:2.6.1] AndroidManifest.xml:29:13-31:52
92                android:name="androidx.lifecycle.ProcessLifecycleInitializer"
92-->[androidx.lifecycle:lifecycle-process:2.6.1] AndroidManifest.xml:30:17-78
93                android:value="androidx.startup" />
93-->[androidx.lifecycle:lifecycle-process:2.6.1] AndroidManifest.xml:31:17-49
94            <meta-data
94-->[androidx.profileinstaller:profileinstaller:1.3.0] AndroidManifest.xml:29:13-31:52
95                android:name="androidx.profileinstaller.ProfileInstallerInitializer"
95-->[androidx.profileinstaller:profileinstaller:1.3.0] AndroidManifest.xml:30:17-85
96                android:value="androidx.startup" />
96-->[androidx.profileinstaller:profileinstaller:1.3.0] AndroidManifest.xml:31:17-49
97        </provider>
98
99        <receiver
99-->[androidx.profileinstaller:profileinstaller:1.3.0] AndroidManifest.xml:34:9-52:20
100            android:name="androidx.profileinstaller.ProfileInstallReceiver"
100-->[androidx.profileinstaller:profileinstaller:1.3.0] AndroidManifest.xml:35:13-76
101            android:directBootAware="false"
101-->[androidx.profileinstaller:profileinstaller:1.3.0] AndroidManifest.xml:36:13-44
102            android:enabled="true"
102-->[androidx.profileinstaller:profileinstaller:1.3.0] AndroidManifest.xml:37:13-35
103            android:exported="true"
103-->[androidx.profileinstaller:profileinstaller:1.3.0] AndroidManifest.xml:38:13-36
104            android:permission="android.permission.DUMP" >
104-->[androidx.profileinstaller:profileinstaller:1.3.0] AndroidManifest.xml:39:13-57
105            <intent-filter>
105-->[androidx.profileinstaller:profileinstaller:1.3.0] AndroidManifest.xml:40:13-42:29
106                <action android:name="androidx.profileinstaller.action.INSTALL_PROFILE" />
106-->[androidx.profileinstaller:profileinstaller:1.3.0] AndroidManifest.xml:41:17-91
106-->[androidx.profileinstaller:profileinstaller:1.3.0] AndroidManifest.xml:41:25-88
107            </intent-filter>
108            <intent-filter>
108-->[androidx.profileinstaller:profileinstaller:1.3.0] AndroidManifest.xml:43:13-45:29
109                <action android:name="androidx.profileinstaller.action.SKIP_FILE" />
109-->[androidx.profileinstaller:profileinstaller:1.3.0] AndroidManifest.xml:44:17-85
109-->[androidx.profileinstaller:profileinstaller:1.3.0] AndroidManifest.xml:44:25-82
110            </intent-filter>
111            <intent-filter>
111-->[androidx.profileinstaller:profileinstaller:1.3.0] AndroidManifest.xml:46:13-48:29
112                <action android:name="androidx.profileinstaller.action.SAVE_PROFILE" />
112-->[androidx.profileinstaller:profileinstaller:1.3.0] AndroidManifest.xml:47:17-88
112-->[androidx.profileinstaller:profileinstaller:1.3.0] AndroidManifest.xml:47:25-85
113            </intent-filter>
114            <intent-filter>
114-->[androidx.profileinstaller:profileinstaller:1.3.0] AndroidManifest.xml:49:13-51:29
115                <action android:name="androidx.profileinstaller.action.BENCHMARK_OPERATION" />
115-->[androidx.profileinstaller:profileinstaller:1.3.0] AndroidManifest.xml:50:17-95
115-->[androidx.profileinstaller:profileinstaller:1.3.0] AndroidManifest.xml:50:25-92
116            </intent-filter>
117        </receiver>
118    </application>
119
120</manifest>